<?xml version="1.0" encoding="UTF-8"?>
<<<<<<< HEAD
<testsuite xmlns:xsi="http://www.w3.org/2001/XMLSchema-instance" xsi:noNamespaceSchemaLocation="https://maven.apache.org/surefire/maven-surefire-plugin/xsd/surefire-test-report.xsd" name="com.cse3310.AppTest" time="0.073" tests="1" errors="0" skipped="0" failures="0">
  <properties>
    <property name="awt.toolkit" value="sun.awt.X11.XToolkit"/>
    <property name="java.specification.version" value="11"/>
    <property name="sun.cpu.isalist" value=""/>
    <property name="sun.jnu.encoding" value="UTF-8"/>
    <property name="java.class.path" value="/workspaces/cse3310_sp24_group_26/target/test-classes:/workspaces/cse3310_sp24_group_26/target/classes:/home/codespace/.m2/repository/junit/junit/4.13.1/junit-4.13.1.jar:/home/codespace/.m2/repository/org/hamcrest/hamcrest-core/1.3/hamcrest-core-1.3.jar:/home/codespace/.m2/repository/com/google/code/gson/gson/2.9.1/gson-2.9.1.jar:/home/codespace/.m2/repository/net/freeutils/jlhttp/2.6/jlhttp-2.6.jar:/home/codespace/.m2/repository/org/java-websocket/Java-WebSocket/1.5.4/Java-WebSocket-1.5.4.jar:/home/codespace/.m2/repository/org/slf4j/slf4j-api/2.0.0-alpha0/slf4j-api-2.0.0-alpha0.jar:"/>
    <property name="java.vm.vendor" value="Microsoft"/>
    <property name="sun.arch.data.model" value="64"/>
    <property name="java.vendor.url" value="https://www.microsoft.com"/>
    <property name="user.timezone" value=""/>
    <property name="java.vm.specification.version" value="11"/>
    <property name="os.name" value="Linux"/>
    <property name="sun.java.launcher" value="SUN_STANDARD"/>
    <property name="sun.boot.library.path" value="/opt/java/11.0.14/lib"/>
    <property name="sun.java.command" value="/workspaces/cse3310_sp24_group_26/target/surefire/surefirebooter5978868976186435139.jar /workspaces/cse3310_sp24_group_26/target/surefire 2024-04-17T23-57-36_915-jvmRun1 surefire5699850017235226872tmp surefire_013347840875951059369tmp"/>
    <property name="jdk.debug" value="release"/>
    <property name="surefire.test.class.path" value="/workspaces/cse3310_sp24_group_26/target/test-classes:/workspaces/cse3310_sp24_group_26/target/classes:/home/codespace/.m2/repository/junit/junit/4.13.1/junit-4.13.1.jar:/home/codespace/.m2/repository/org/hamcrest/hamcrest-core/1.3/hamcrest-core-1.3.jar:/home/codespace/.m2/repository/com/google/code/gson/gson/2.9.1/gson-2.9.1.jar:/home/codespace/.m2/repository/net/freeutils/jlhttp/2.6/jlhttp-2.6.jar:/home/codespace/.m2/repository/org/java-websocket/Java-WebSocket/1.5.4/Java-WebSocket-1.5.4.jar:/home/codespace/.m2/repository/org/slf4j/slf4j-api/2.0.0-alpha0/slf4j-api-2.0.0-alpha0.jar:"/>
    <property name="sun.cpu.endian" value="little"/>
    <property name="user.home" value="/home/codespace"/>
    <property name="user.language" value="en"/>
    <property name="java.specification.vendor" value="Oracle Corporation"/>
    <property name="java.version.date" value="2022-02-08"/>
    <property name="java.home" value="/opt/java/11.0.14"/>
    <property name="file.separator" value="/"/>
    <property name="basedir" value="/workspaces/cse3310_sp24_group_26"/>
    <property name="java.vm.compressedOopsMode" value="32-bit"/>
    <property name="line.separator" value="&#10;"/>
    <property name="java.specification.name" value="Java Platform API Specification"/>
    <property name="java.vm.specification.vendor" value="Oracle Corporation"/>
    <property name="java.awt.graphicsenv" value="sun.awt.X11GraphicsEnvironment"/>
    <property name="surefire.real.class.path" value="/workspaces/cse3310_sp24_group_26/target/surefire/surefirebooter5978868976186435139.jar"/>
    <property name="sun.management.compiler" value="HotSpot 64-Bit Tiered Compilers"/>
    <property name="java.runtime.version" value="11.0.14.1+1-LTS"/>
    <property name="user.name" value="codespace"/>
    <property name="path.separator" value=":"/>
    <property name="os.version" value="6.2.0-1019-azure"/>
    <property name="java.runtime.name" value="OpenJDK Runtime Environment"/>
    <property name="file.encoding" value="UTF-8"/>
    <property name="java.vm.name" value="OpenJDK 64-Bit Server VM"/>
    <property name="java.vendor.version" value="Microsoft-31205"/>
    <property name="localRepository" value="/home/codespace/.m2/repository"/>
    <property name="java.vendor.url.bug" value="https://github.com/microsoft/openjdk/issues"/>
    <property name="java.io.tmpdir" value="/tmp"/>
    <property name="java.version" value="11.0.14.1"/>
    <property name="user.dir" value="/workspaces/cse3310_sp24_group_26"/>
    <property name="os.arch" value="amd64"/>
    <property name="java.vm.specification.name" value="Java Virtual Machine Specification"/>
    <property name="java.awt.printerjob" value="sun.print.PSPrinterJob"/>
    <property name="sun.os.patch.level" value="unknown"/>
    <property name="java.library.path" value="/usr/java/packages/lib:/usr/lib64:/lib64:/lib:/usr/lib"/>
    <property name="java.vm.info" value="mixed mode"/>
    <property name="java.vendor" value="Microsoft"/>
    <property name="java.vm.version" value="11.0.14.1+1-LTS"/>
    <property name="sun.io.unicode.encoding" value="UnicodeLittle"/>
    <property name="java.class.version" value="55.0"/>
  </properties>
  <testcase name="shouldAnswerWithTrue" classname="com.cse3310.AppTest" time="0.015"/>
=======
<testsuite xmlns:xsi="http://www.w3.org/2001/XMLSchema-instance" xsi:noNamespaceSchemaLocation="https://maven.apache.org/surefire/maven-surefire-plugin/xsd/surefire-test-report.xsd" name="com.cse3310.AppTest" time="0.017" tests="1" errors="0" skipped="0" failures="0">
  <properties>
    <property name="java.specification.version" value="21"/>
    <property name="sun.jnu.encoding" value="UTF-8"/>
    <property name="java.class.path" value="/Users/whitonnguyen/cse3310_sp24_group_26/cse3310_sp24_group_26/target/test-classes:/Users/whitonnguyen/cse3310_sp24_group_26/cse3310_sp24_group_26/target/classes:/Users/whitonnguyen/.m2/repository/junit/junit/4.13.1/junit-4.13.1.jar:/Users/whitonnguyen/.m2/repository/org/hamcrest/hamcrest-core/1.3/hamcrest-core-1.3.jar:/Users/whitonnguyen/.m2/repository/com/google/code/gson/gson/2.9.1/gson-2.9.1.jar:/Users/whitonnguyen/.m2/repository/net/freeutils/jlhttp/2.6/jlhttp-2.6.jar:/Users/whitonnguyen/.m2/repository/org/java-websocket/Java-WebSocket/1.5.4/Java-WebSocket-1.5.4.jar:/Users/whitonnguyen/.m2/repository/org/slf4j/slf4j-api/2.0.6/slf4j-api-2.0.6.jar:"/>
    <property name="java.vm.vendor" value="Oracle Corporation"/>
    <property name="sun.arch.data.model" value="64"/>
    <property name="java.vendor.url" value="https://java.oracle.com/"/>
    <property name="os.name" value="Mac OS X"/>
    <property name="java.vm.specification.version" value="21"/>
    <property name="sun.java.launcher" value="SUN_STANDARD"/>
    <property name="user.country" value="US"/>
    <property name="sun.boot.library.path" value="/Library/Java/JavaVirtualMachines/jdk-21.jdk/Contents/Home/lib"/>
    <property name="sun.java.command" value="/Users/whitonnguyen/cse3310_sp24_group_26/cse3310_sp24_group_26/target/surefire/surefirebooter14373831936636754993.jar /Users/whitonnguyen/cse3310_sp24_group_26/cse3310_sp24_group_26/target/surefire 2024-04-17T22-37-43_480-jvmRun1 surefire7537711436477338763tmp surefire_015788036884555636456tmp"/>
    <property name="http.nonProxyHosts" value="local|*.local|169.254/16|*.169.254/16"/>
    <property name="jdk.debug" value="release"/>
    <property name="surefire.test.class.path" value="/Users/whitonnguyen/cse3310_sp24_group_26/cse3310_sp24_group_26/target/test-classes:/Users/whitonnguyen/cse3310_sp24_group_26/cse3310_sp24_group_26/target/classes:/Users/whitonnguyen/.m2/repository/junit/junit/4.13.1/junit-4.13.1.jar:/Users/whitonnguyen/.m2/repository/org/hamcrest/hamcrest-core/1.3/hamcrest-core-1.3.jar:/Users/whitonnguyen/.m2/repository/com/google/code/gson/gson/2.9.1/gson-2.9.1.jar:/Users/whitonnguyen/.m2/repository/net/freeutils/jlhttp/2.6/jlhttp-2.6.jar:/Users/whitonnguyen/.m2/repository/org/java-websocket/Java-WebSocket/1.5.4/Java-WebSocket-1.5.4.jar:/Users/whitonnguyen/.m2/repository/org/slf4j/slf4j-api/2.0.6/slf4j-api-2.0.6.jar:"/>
    <property name="sun.cpu.endian" value="little"/>
    <property name="user.home" value="/Users/whitonnguyen"/>
    <property name="user.language" value="en"/>
    <property name="java.specification.vendor" value="Oracle Corporation"/>
    <property name="java.version.date" value="2024-01-16"/>
    <property name="java.home" value="/Library/Java/JavaVirtualMachines/jdk-21.jdk/Contents/Home"/>
    <property name="file.separator" value="/"/>
    <property name="basedir" value="/Users/whitonnguyen/cse3310_sp24_group_26/cse3310_sp24_group_26"/>
    <property name="java.vm.compressedOopsMode" value="Zero based"/>
    <property name="line.separator" value="&#10;"/>
    <property name="java.vm.specification.vendor" value="Oracle Corporation"/>
    <property name="java.specification.name" value="Java Platform API Specification"/>
    <property name="apple.awt.application.name" value="ForkedBooter"/>
    <property name="surefire.real.class.path" value="/Users/whitonnguyen/cse3310_sp24_group_26/cse3310_sp24_group_26/target/surefire/surefirebooter14373831936636754993.jar"/>
    <property name="sun.management.compiler" value="HotSpot 64-Bit Tiered Compilers"/>
    <property name="ftp.nonProxyHosts" value="local|*.local|169.254/16|*.169.254/16"/>
    <property name="java.runtime.version" value="21.0.2+13-LTS-58"/>
    <property name="user.name" value="whitonnguyen"/>
    <property name="stdout.encoding" value="UTF-8"/>
    <property name="path.separator" value=":"/>
    <property name="os.version" value="13.5"/>
    <property name="java.runtime.name" value="Java(TM) SE Runtime Environment"/>
    <property name="file.encoding" value="UTF-8"/>
    <property name="java.vm.name" value="Java HotSpot(TM) 64-Bit Server VM"/>
    <property name="localRepository" value="/Users/whitonnguyen/.m2/repository"/>
    <property name="java.vendor.url.bug" value="https://bugreport.java.com/bugreport/"/>
    <property name="java.io.tmpdir" value="/var/folders/2b/sm5ydr1x5vl4jkb29c33qhr80000gn/T/"/>
    <property name="java.version" value="21.0.2"/>
    <property name="user.dir" value="/Users/whitonnguyen/cse3310_sp24_group_26/cse3310_sp24_group_26"/>
    <property name="os.arch" value="aarch64"/>
    <property name="java.vm.specification.name" value="Java Virtual Machine Specification"/>
    <property name="native.encoding" value="UTF-8"/>
    <property name="java.library.path" value="/Users/whitonnguyen/Library/Java/Extensions:/Library/Java/Extensions:/Network/Library/Java/Extensions:/System/Library/Java/Extensions:/usr/lib/java:."/>
    <property name="java.vm.info" value="mixed mode, sharing"/>
    <property name="stderr.encoding" value="UTF-8"/>
    <property name="java.vendor" value="Oracle Corporation"/>
    <property name="java.vm.version" value="21.0.2+13-LTS-58"/>
    <property name="sun.io.unicode.encoding" value="UnicodeBig"/>
    <property name="socksNonProxyHosts" value="local|*.local|169.254/16|*.169.254/16"/>
    <property name="java.class.version" value="65.0"/>
  </properties>
  <testcase name="shouldAnswerWithTrue" classname="com.cse3310.AppTest" time="0.002"/>
>>>>>>> e3ba964bf9f9634a89706b83f6b12ab2e615acab
</testsuite>