<?xml version="1.0" encoding="UTF-8"?>
<testsuite xmlns:xsi="http://www.w3.org/2001/XMLSchema-instance" xsi:noNamespaceSchemaLocation="https://maven.apache.org/surefire/maven-surefire-plugin/xsd/surefire-test-report.xsd" name="com.cse3310.AppTest" time="0.089" tests="1" errors="0" skipped="0" failures="0">
  <properties>
    <property name="exec.mainClass" value="com.cse3310.App"/>
    <property name="java.specification.version" value="21"/>
    <property name="sun.jnu.encoding" value="UTF-8"/>
    <property name="java.class.path" value="/workspaces/cse3310_sp24_group_26/target/test-classes:/workspaces/cse3310_sp24_group_26/target/classes:/home/codespace/.m2/repository/junit/junit/4.11/junit-4.11.jar:/home/codespace/.m2/repository/org/hamcrest/hamcrest-core/1.3/hamcrest-core-1.3.jar:/home/codespace/.m2/repository/com/google/code/gson/gson/2.9.1/gson-2.9.1.jar:/home/codespace/.m2/repository/net/freeutils/jlhttp/2.6/jlhttp-2.6.jar:/home/codespace/.m2/repository/org/java-websocket/Java-WebSocket/1.5.4/Java-WebSocket-1.5.4.jar:/home/codespace/.m2/repository/org/slf4j/slf4j-api/2.0.6/slf4j-api-2.0.6.jar:"/>
    <property name="java.vm.vendor" value="Microsoft"/>
    <property name="sun.arch.data.model" value="64"/>
    <property name="java.vendor.url" value="https://www.microsoft.com"/>
    <property name="os.name" value="Linux"/>
    <property name="java.vm.specification.version" value="21"/>
    <property name="sun.java.launcher" value="SUN_STANDARD"/>
    <property name="sun.boot.library.path" value="/usr/local/sdkman/candidates/java/21.0.2-ms/lib"/>
    <property name="sun.java.command" value="/workspaces/cse3310_sp24_group_26/target/surefire/surefirebooter2285669572427023870.jar /workspaces/cse3310_sp24_group_26/target/surefire 2024-04-12T23-26-56_541-jvmRun1 surefire11840488091890548207tmp surefire_01576150666431077445tmp"/>
    <property name="jdk.debug" value="release"/>
    <property name="surefire.test.class.path" value="/workspaces/cse3310_sp24_group_26/target/test-classes:/workspaces/cse3310_sp24_group_26/target/classes:/home/codespace/.m2/repository/junit/junit/4.11/junit-4.11.jar:/home/codespace/.m2/repository/org/hamcrest/hamcrest-core/1.3/hamcrest-core-1.3.jar:/home/codespace/.m2/repository/com/google/code/gson/gson/2.9.1/gson-2.9.1.jar:/home/codespace/.m2/repository/net/freeutils/jlhttp/2.6/jlhttp-2.6.jar:/home/codespace/.m2/repository/org/java-websocket/Java-WebSocket/1.5.4/Java-WebSocket-1.5.4.jar:/home/codespace/.m2/repository/org/slf4j/slf4j-api/2.0.6/slf4j-api-2.0.6.jar:"/>
    <property name="sun.cpu.endian" value="little"/>
    <property name="user.home" value="/home/codespace"/>
    <property name="user.language" value="en"/>
    <property name="java.specification.vendor" value="Oracle Corporation"/>
    <property name="java.version.date" value="2024-01-16"/>
    <property name="java.home" value="/usr/local/sdkman/candidates/java/21.0.2-ms"/>
    <property name="file.separator" value="/"/>
    <property name="basedir" value="/workspaces/cse3310_sp24_group_26"/>
    <property name="java.vm.compressedOopsMode" value="32-bit"/>
    <property name="line.separator" value="&#10;"/>
    <property name="java.specification.name" value="Java Platform API Specification"/>
    <property name="java.vm.specification.vendor" value="Oracle Corporation"/>
    <property name="surefire.real.class.path" value="/workspaces/cse3310_sp24_group_26/target/surefire/surefirebooter2285669572427023870.jar"/>
    <property name="sun.management.compiler" value="HotSpot 64-Bit Tiered Compilers"/>
    <property name="java.runtime.version" value="21.0.2+13-LTS"/>
    <property name="user.name" value="codespace"/>
    <property name="stdout.encoding" value="UTF-8"/>
    <property name="path.separator" value=":"/>
    <property name="os.version" value="6.2.0-1019-azure"/>
    <property name="java.runtime.name" value="OpenJDK Runtime Environment"/>
    <property name="file.encoding" value="UTF-8"/>
    <property name="java.vm.name" value="OpenJDK 64-Bit Server VM"/>
    <property name="java.vendor.version" value="Microsoft-8905927"/>
    <property name="localRepository" value="/home/codespace/.m2/repository"/>
    <property name="java.vendor.url.bug" value="https://github.com/microsoft/openjdk/issues"/>
    <property name="java.io.tmpdir" value="/tmp"/>
    <property name="java.version" value="21.0.2"/>
    <property name="user.dir" value="/workspaces/cse3310_sp24_group_26"/>
    <property name="os.arch" value="amd64"/>
    <property name="java.vm.specification.name" value="Java Virtual Machine Specification"/>
    <property name="native.encoding" value="UTF-8"/>
    <property name="java.library.path" value="/usr/java/packages/lib:/usr/lib64:/lib64:/lib:/usr/lib"/>
    <property name="java.vm.info" value="mixed mode, sharing"/>
    <property name="stderr.encoding" value="UTF-8"/>
    <property name="java.vendor" value="Microsoft"/>
    <property name="java.vm.version" value="21.0.2+13-LTS"/>
    <property name="sun.io.unicode.encoding" value="UnicodeLittle"/>
    <property name="java.class.version" value="65.0"/>
  </properties>
  <testcase name="shouldAnswerWithTrue" classname="com.cse3310.AppTest" time="0.007"/>
</testsuite>