<?xml version="1.0" encoding="UTF-8"?>
<testsuite xmlns:xsi="http://www.w3.org/2001/XMLSchema-instance" xsi:noNamespaceSchemaLocation="https://maven.apache.org/surefire/maven-surefire-plugin/xsd/surefire-test-report.xsd" name="com.cse3310.AppTest" time="0.097" tests="1" errors="0" skipped="0" failures="0">
  <properties>
    <property name="awt.toolkit" value="sun.awt.X11.XToolkit"/>
    <property name="java.specification.version" value="11"/>
    <property name="sun.cpu.isalist" value=""/>
    <property name="sun.jnu.encoding" value="UTF-8"/>
    <property name="java.class.path" value="/workspaces/cse3310_sp24_group_26/target/test-classes:/workspaces/cse3310_sp24_group_26/target/classes:/home/codespace/.m2/repository/junit/junit/4.13.1/junit-4.13.1.jar:/home/codespace/.m2/repository/org/hamcrest/hamcrest-core/1.3/hamcrest-core-1.3.jar:/home/codespace/.m2/repository/com/google/code/gson/gson/2.9.1/gson-2.9.1.jar:/home/codespace/.m2/repository/net/freeutils/jlhttp/2.6/jlhttp-2.6.jar:/home/codespace/.m2/repository/org/java-websocket/Java-WebSocket/1.5.4/Java-WebSocket-1.5.4.jar:/home/codespace/.m2/repository/org/slf4j/slf4j-api/2.0.0-alpha0/slf4j-api-2.0.0-alpha0.jar:"/>
    <property name="java.vm.vendor" value="Microsoft"/>
    <property name="sun.arch.data.model" value="64"/>
    <property name="java.vendor.url" value="https://www.microsoft.com"/>
    <property name="user.timezone" value=""/>
    <property name="java.vm.specification.version" value="11"/>
    <property name="os.name" value="Linux"/>
    <property name="sun.java.launcher" value="SUN_STANDARD"/>
    <property name="sun.boot.library.path" value="/opt/java/11.0.14/lib"/>
    <property name="sun.java.command" value="/workspaces/cse3310_sp24_group_26/target/surefire/surefirebooter18131446519486889054.jar /workspaces/cse3310_sp24_group_26/target/surefire 2024-04-15T07-21-23_140-jvmRun1 surefire14553740101446994628tmp surefire_010593941180719473298tmp"/>
    <property name="jdk.debug" value="release"/>
    <property name="surefire.test.class.path" value="/workspaces/cse3310_sp24_group_26/target/test-classes:/workspaces/cse3310_sp24_group_26/target/classes:/home/codespace/.m2/repository/junit/junit/4.13.1/junit-4.13.1.jar:/home/codespace/.m2/repository/org/hamcrest/hamcrest-core/1.3/hamcrest-core-1.3.jar:/home/codespace/.m2/repository/com/google/code/gson/gson/2.9.1/gson-2.9.1.jar:/home/codespace/.m2/repository/net/freeutils/jlhttp/2.6/jlhttp-2.6.jar:/home/codespace/.m2/repository/org/java-websocket/Java-WebSocket/1.5.4/Java-WebSocket-1.5.4.jar:/home/codespace/.m2/repository/org/slf4j/slf4j-api/2.0.0-alpha0/slf4j-api-2.0.0-alpha0.jar:"/>
    <property name="sun.cpu.endian" value="little"/>
    <property name="user.home" value="/home/codespace"/>
    <property name="user.language" value="en"/>
    <property name="java.specification.vendor" value="Oracle Corporation"/>
    <property name="java.version.date" value="2022-02-08"/>
    <property name="java.home" value="/opt/java/11.0.14"/>
    <property name="file.separator" value="/"/>
    <property name="basedir" value="/workspaces/cse3310_sp24_group_26"/>
    <property name="java.vm.compressedOopsMode" value="32-bit"/>
    <property name="line.separator" value="&#10;"/>
    <property name="java.specification.name" value="Java Platform API Specification"/>
    <property name="java.vm.specification.vendor" value="Oracle Corporation"/>
    <property name="java.awt.graphicsenv" value="sun.awt.X11GraphicsEnvironment"/>
    <property name="surefire.real.class.path" value="/workspaces/cse3310_sp24_group_26/target/surefire/surefirebooter18131446519486889054.jar"/>
    <property name="sun.management.compiler" value="HotSpot 64-Bit Tiered Compilers"/>
    <property name="java.runtime.version" value="11.0.14.1+1-LTS"/>
    <property name="user.name" value="codespace"/>
    <property name="path.separator" value=":"/>
    <property name="os.version" value="6.2.0-1019-azure"/>
    <property name="java.runtime.name" value="OpenJDK Runtime Environment"/>
    <property name="file.encoding" value="UTF-8"/>
    <property name="java.vm.name" value="OpenJDK 64-Bit Server VM"/>
    <property name="java.vendor.version" value="Microsoft-31205"/>
    <property name="localRepository" value="/home/codespace/.m2/repository"/>
    <property name="java.vendor.url.bug" value="https://github.com/microsoft/openjdk/issues"/>
    <property name="java.io.tmpdir" value="/tmp"/>
    <property name="java.version" value="11.0.14.1"/>
    <property name="user.dir" value="/workspaces/cse3310_sp24_group_26"/>
    <property name="os.arch" value="amd64"/>
    <property name="java.vm.specification.name" value="Java Virtual Machine Specification"/>
    <property name="java.awt.printerjob" value="sun.print.PSPrinterJob"/>
    <property name="sun.os.patch.level" value="unknown"/>
    <property name="java.library.path" value="/usr/java/packages/lib:/usr/lib64:/lib64:/lib:/usr/lib"/>
    <property name="java.vm.info" value="mixed mode"/>
    <property name="java.vendor" value="Microsoft"/>
    <property name="java.vm.version" value="11.0.14.1+1-LTS"/>
    <property name="sun.io.unicode.encoding" value="UnicodeLittle"/>
    <property name="java.class.version" value="55.0"/>
  </properties>
  <testcase name="shouldAnswerWithTrue" classname="com.cse3310.AppTest" time="0.003"/>
</testsuite>