<?xml version="1.0" encoding="UTF-8"?>
<testsuite xmlns:xsi="http://www.w3.org/2001/XMLSchema-instance" xsi:noNamespaceSchemaLocation="https://maven.apache.org/surefire/maven-surefire-plugin/xsd/surefire-test-report.xsd" name="com.cse3310.AppTest" time="0.076" tests="1" errors="0" skipped="0" failures="0">
  <properties>
    <property name="awt.toolkit" value="sun.awt.X11.XToolkit"/>
    <property name="exec.mainClass" value="com.cse3310.App"/>
    <property name="java.specification.version" value="11"/>
    <property name="sun.cpu.isalist" value=""/>
    <property name="sun.jnu.encoding" value="UTF-8"/>
    <property name="java.class.path" value="/mnt/c/Users/verid/OneDrive/Documents/School/Classes/CSE 3310 Software Engineering/cse3310_sp24_group_26/target/test-classes:/mnt/c/Users/verid/OneDrive/Documents/School/Classes/CSE 3310 Software Engineering/cse3310_sp24_group_26/target/classes:/home/veridion/.m2/repository/junit/junit/4.13.1/junit-4.13.1.jar:/home/veridion/.m2/repository/org/hamcrest/hamcrest-core/1.3/hamcrest-core-1.3.jar:/home/veridion/.m2/repository/com/google/code/gson/gson/2.9.1/gson-2.9.1.jar:/home/veridion/.m2/repository/net/freeutils/jlhttp/2.6/jlhttp-2.6.jar:/home/veridion/.m2/repository/org/java-websocket/Java-WebSocket/1.5.4/Java-WebSocket-1.5.4.jar:/home/veridion/.m2/repository/org/slf4j/slf4j-api/2.0.0-alpha0/slf4j-api-2.0.0-alpha0.jar:"/>
    <property name="java.vm.vendor" value="Ubuntu"/>
    <property name="sun.arch.data.model" value="64"/>
    <property name="java.vendor.url" value="https://ubuntu.com/"/>
    <property name="user.timezone" value=""/>
    <property name="java.vm.specification.version" value="11"/>
    <property name="os.name" value="Linux"/>
    <property name="sun.java.launcher" value="SUN_STANDARD"/>
    <property name="sun.boot.library.path" value="/usr/lib/jvm/java-11-openjdk-amd64/lib"/>
    <property name="sun.java.command" value="/mnt/c/Users/verid/OneDrive/Documents/School/Classes/CSE 3310 Software Engineering/cse3310_sp24_group_26/target/surefire/surefirebooter7157842281114080306.jar /mnt/c/Users/verid/OneDrive/Documents/School/Classes/CSE 3310 Software Engineering/cse3310_sp24_group_26/target/surefire 2024-04-25T17-37-08_433-jvmRun1 surefire655032723172324214tmp surefire_05270193702323535413tmp"/>
    <property name="jdk.debug" value="release"/>
    <property name="surefire.test.class.path" value="/mnt/c/Users/verid/OneDrive/Documents/School/Classes/CSE 3310 Software Engineering/cse3310_sp24_group_26/target/test-classes:/mnt/c/Users/verid/OneDrive/Documents/School/Classes/CSE 3310 Software Engineering/cse3310_sp24_group_26/target/classes:/home/veridion/.m2/repository/junit/junit/4.13.1/junit-4.13.1.jar:/home/veridion/.m2/repository/org/hamcrest/hamcrest-core/1.3/hamcrest-core-1.3.jar:/home/veridion/.m2/repository/com/google/code/gson/gson/2.9.1/gson-2.9.1.jar:/home/veridion/.m2/repository/net/freeutils/jlhttp/2.6/jlhttp-2.6.jar:/home/veridion/.m2/repository/org/java-websocket/Java-WebSocket/1.5.4/Java-WebSocket-1.5.4.jar:/home/veridion/.m2/repository/org/slf4j/slf4j-api/2.0.0-alpha0/slf4j-api-2.0.0-alpha0.jar:"/>
    <property name="sun.cpu.endian" value="little"/>
    <property name="user.home" value="/home/veridion"/>
    <property name="user.language" value="en"/>
    <property name="java.specification.vendor" value="Oracle Corporation"/>
    <property name="java.version.date" value="2023-10-17"/>
    <property name="java.home" value="/usr/lib/jvm/java-11-openjdk-amd64"/>
    <property name="file.separator" value="/"/>
    <property name="basedir" value="/mnt/c/Users/verid/OneDrive/Documents/School/Classes/CSE 3310 Software Engineering/cse3310_sp24_group_26"/>
    <property name="java.vm.compressedOopsMode" value="Zero based"/>
    <property name="line.separator" value="&#10;"/>
    <property name="java.specification.name" value="Java Platform API Specification"/>
    <property name="java.vm.specification.vendor" value="Oracle Corporation"/>
    <property name="java.awt.graphicsenv" value="sun.awt.X11GraphicsEnvironment"/>
    <property name="surefire.real.class.path" value="/mnt/c/Users/verid/OneDrive/Documents/School/Classes/CSE 3310 Software Engineering/cse3310_sp24_group_26/target/surefire/surefirebooter7157842281114080306.jar"/>
    <property name="sun.management.compiler" value="HotSpot 64-Bit Tiered Compilers"/>
    <property name="java.runtime.version" value="11.0.21+9-post-Ubuntu-0ubuntu122.04"/>
    <property name="user.name" value="veridion"/>
    <property name="path.separator" value=":"/>
    <property name="os.version" value="4.4.0-19041-Microsoft"/>
    <property name="java.runtime.name" value="OpenJDK Runtime Environment"/>
    <property name="file.encoding" value="UTF-8"/>
    <property name="java.vm.name" value="OpenJDK 64-Bit Server VM"/>
    <property name="localRepository" value="/home/veridion/.m2/repository"/>
    <property name="java.vendor.url.bug" value="https://bugs.launchpad.net/ubuntu/+source/openjdk-lts"/>
    <property name="java.io.tmpdir" value="/tmp"/>
    <property name="java.version" value="11.0.21"/>
    <property name="user.dir" value="/mnt/c/Users/verid/OneDrive/Documents/School/Classes/CSE 3310 Software Engineering/cse3310_sp24_group_26"/>
    <property name="os.arch" value="amd64"/>
    <property name="java.vm.specification.name" value="Java Virtual Machine Specification"/>
    <property name="java.awt.printerjob" value="sun.print.PSPrinterJob"/>
    <property name="sun.os.patch.level" value="unknown"/>
    <property name="java.library.path" value="/usr/java/packages/lib:/usr/lib/x86_64-linux-gnu/jni:/lib/x86_64-linux-gnu:/usr/lib/x86_64-linux-gnu:/usr/lib/jni:/lib:/usr/lib"/>
    <property name="java.vm.info" value="mixed mode, sharing"/>
    <property name="java.vendor" value="Ubuntu"/>
    <property name="java.vm.version" value="11.0.21+9-post-Ubuntu-0ubuntu122.04"/>
    <property name="java.specification.maintenance.version" value="2"/>
    <property name="sun.io.unicode.encoding" value="UnicodeLittle"/>
    <property name="java.class.version" value="55.0"/>
  </properties>
  <testcase name="shouldAnswerWithTrue" classname="com.cse3310.AppTest" time="0.005"/>
</testsuite>